<?xml version="1.0" encoding="UTF-8"?>
<!-- Generated by org.testng.reporters.JUnitReportReporter -->
<testsuite hostname="DESKTOP-F30GDK4" failures="0" tests="4" name="test.Testing1" time="0.045" errors="0" timestamp="2023-07-21T13:40:25 EDT" skipped="0">
  <testcase classname="test.Testing1" name="f" time="0.019"/>
  <system-out/>
  <testcase classname="test.Testing1" name="test1" time="0.013"/>
  <system-out/>
  <testcase classname="test.Testing1" name="test2" time="0.008"/>
  <system-out/>
  <testcase classname="test.Testing1" name="f" time="0.005"/>
  <system-out/>
</testsuite> <!-- test.Testing1 -->
