<?xml version="1.0" encoding="UTF-8"?>
<!-- Generated by org.testng.reporters.JUnitReportReporter -->
<testsuite hostname="DESKTOP-F30GDK4" failures="0" tests="3" name="test.Testing2" time="0.039" errors="0" timestamp="2023-07-21T13:40:25 EDT" skipped="0">
  <testcase classname="test.Testing2" name="test5" time="0.008"/>
  <system-out/>
  <testcase classname="test.Testing2" name="test3" time="0.023"/>
  <system-out/>
  <testcase classname="test.Testing2" name="test4" time="0.008"/>
  <system-out/>
</testsuite> <!-- test.Testing2 -->
