<?xml version="1.0" encoding="UTF-8"?>
<!-- Generated by org.testng.reporters.JUnitReportReporter -->
<testsuite hostname="DESKTOP-F30GDK4" failures="0" tests="1" name="test.testing4" time="0.002" errors="0" timestamp="2023-07-21T13:40:25 EDT" skipped="0">
  <testcase classname="test.testing4" name="test6" time="0.002"/>
  <system-out/>
</testsuite> <!-- test.testing4 -->
