<?xml version="1.0" encoding="UTF-8"?>
<!-- Generated by org.testng.reporters.JUnitReportReporter -->
<testsuite hostname="DESKTOP-F30GDK4" failures="0" tests="2" name="test.Testing2" time="0.016" errors="0" timestamp="2023-07-05T18:05:34 EDT" skipped="0">
  <testcase classname="test.Testing2" name="test4" time="0.010"/>
  <system-out/>
  <testcase classname="test.Testing2" name="test3" time="0.006"/>
  <system-out/>
</testsuite> <!-- test.Testing2 -->
