<?xml version="1.0" encoding="UTF-8"?>
<!-- Generated by org.testng.reporters.JUnitReportReporter -->
<testsuite hostname="DESKTOP-F30GDK4" failures="0" tests="4" name="test.Testing1" time="0.010" errors="0" timestamp="2023-07-05T17:41:26 EDT" skipped="0">
  <testcase classname="test.Testing1" name="f" time="0.003"/>
  <system-out/>
  <testcase classname="test.Testing1" name="f" time="0.002"/>
  <system-out/>
  <testcase classname="test.Testing1" name="test1" time="0.003"/>
  <system-out/>
  <testcase classname="test.Testing1" name="test2" time="0.002"/>
  <system-out/>
</testsuite> <!-- test.Testing1 -->
