<?xml version="1.0" encoding="UTF-8"?>
<!-- Generated by org.testng.reporters.JUnitReportReporter -->
<testsuite hostname="DESKTOP-F30GDK4" failures="0" tests="2" name="test.Testing2" time="0.001" errors="0" timestamp="2023-07-05T17:41:26 EDT" skipped="0">
  <testcase classname="test.Testing2" name="test3" time="0.000"/>
  <system-out/>
  <testcase classname="test.Testing2" name="test4" time="0.001"/>
  <system-out/>
</testsuite> <!-- test.Testing2 -->
